{"synthetic": false,
 "outputs":
 {"o": ["14878404712569257219"],
  "i": "10050823063464304016",
  "c": "4012111406900382946"},
 "log":
 [{"message":
   ".> LEAN_PATH=/Users/home/Desktop/RQM Technologies LLC/VS Code/.lake/packages/Cli/.lake/build/lib/lean:/Users/home/Desktop/RQM Technologies LLC/VS Code/.lake/packages/batteries/.lake/build/lib/lean:/Users/home/Desktop/RQM Technologies LLC/VS Code/.lake/packages/Qq/.lake/build/lib/lean:/Users/home/Desktop/RQM Technologies LLC/VS Code/.lake/packages/aesop/.lake/build/lib/lean:/Users/home/Desktop/RQM Technologies LLC/VS Code/.lake/packages/proofwidgets/.lake/build/lib/lean:/Users/home/Desktop/RQM Technologies LLC/VS Code/.lake/packages/importGraph/.lake/build/lib/lean:/Users/home/Desktop/RQM Technologies LLC/VS Code/.lake/packages/LeanSearchClient/.lake/build/lib/lean:/Users/home/Desktop/RQM Technologies LLC/VS Code/.lake/packages/plausible/.lake/build/lib/lean:/Users/home/Desktop/RQM Technologies LLC/VS Code/.lake/packages/mathlib/.lake/build/lib/lean:/Users/home/Desktop/RQM Technologies LLC/VS Code/.lake/build/lib/lean /Users/home/.elan/toolchains/leanprover--lean4---v4.24.0/bin/lean /Users/home/Desktop/RQM Technologies LLC/VS Code/QRH.lean -o /Users/home/Desktop/RQM Technologies LLC/VS Code/.lake/build/lib/lean/QRH.olean -i /Users/home/Desktop/RQM Technologies LLC/VS Code/.lake/build/lib/lean/QRH.ilean -c /Users/home/Desktop/RQM Technologies LLC/VS Code/.lake/build/ir/QRH.c --setup /Users/home/Desktop/RQM Technologies LLC/VS Code/.lake/build/ir/QRH.setup.json --json",
   "level": "trace"}],
 "inputs":
 [["QRH:deps",
   [["deps",
     [["qrh/QRH:extraDep", [["@qrh:extraDep", "1723"]]],
      ["imports",
       [["QRH.Prelude transitive imports (legacy)", "7720979456661443851"],
        ["QRH.Prelude:importAllArts", "10289932736774725621"],
        ["QRH.Factorial transitive imports (legacy)", "4495899737443016119"],
        ["QRH.Factorial:importAllArts", "7781624763388243380"],
        ["QRH.Coherence transitive imports (legacy)", "16157342150317751699"],
        ["QRH.Coherence:importAllArts", "15407882677092517096"],
        ["QRH.Slice transitive imports (legacy)", "4495899737443016119"],
        ["QRH.Slice:importAllArts", "10365446735468177183"],
        ["QRH.ZetaBridge transitive imports (legacy)", "1069234814515188545"],
        ["QRH.ZetaBridge:importAllArts", "11843500507196856542"],
        ["QRH.Main transitive imports (legacy)", "16407919161515954142"],
        ["QRH.Main:importAllArts", "17043891897808703276"]]]]],
    ["libs",
     [["import dynlibs", "1723"],
      ["package external libraries", "1723"],
      ["module dynlibs", "1723"],
      ["module plugins", "1723"]]]]],
  ["Lean 4.24.0, commit 797c613eb9b6d4ec95db23e3e00af9ac6657f24b",
   "1165570713881806064"],
  ["/Users/home/Desktop/RQM Technologies LLC/VS Code/QRH.lean",
   "1935986039638491891"],
  ["options", "1723"],
  ["Module.leanArgs: #[]", "1723"]],
 "depHash": "983455451113342309"}